<?xml version="1.0" encoding="UTF-8"?>
<testsuite xmlns:xsi="http://www.w3.org/2001/XMLSchema-instance" xsi:noNamespaceSchemaLocation="https://maven.apache.org/surefire/maven-surefire-plugin/xsd/surefire-test-report.xsd" name="TestSuite" time="17.591" tests="19" errors="0" skipped="0" failures="0">
  <properties>
    <property name="sun.desktop" value="windows"/>
    <property name="awt.toolkit" value="sun.awt.windows.WToolkit"/>
    <property name="file.encoding.pkg" value="sun.io"/>
    <property name="java.specification.version" value="1.8"/>
    <property name="sun.cpu.isalist" value="amd64"/>
    <property name="sun.jnu.encoding" value="Cp1252"/>
    <property name="java.class.path" value="C:\Users\jesrojas2\IdeaProjects\restassured\target\test-classes;C:\Users\jesrojas2\IdeaProjects\restassured\target\classes;C:\Users\jesrojas2\.m2\repository\io\rest-assured\rest-assured\4.3.1\rest-assured-4.3.1.jar;C:\Users\jesrojas2\.m2\repository\org\codehaus\groovy\groovy\3.0.3\groovy-3.0.3.jar;C:\Users\jesrojas2\.m2\repository\org\codehaus\groovy\groovy-xml\3.0.3\groovy-xml-3.0.3.jar;C:\Users\jesrojas2\.m2\repository\org\apache\httpcomponents\httpclient\4.5.3\httpclient-4.5.3.jar;C:\Users\jesrojas2\.m2\repository\org\apache\httpcomponents\httpcore\4.4.6\httpcore-4.4.6.jar;C:\Users\jesrojas2\.m2\repository\commons-logging\commons-logging\1.2\commons-logging-1.2.jar;C:\Users\jesrojas2\.m2\repository\commons-codec\commons-codec\1.9\commons-codec-1.9.jar;C:\Users\jesrojas2\.m2\repository\org\apache\httpcomponents\httpmime\4.5.3\httpmime-4.5.3.jar;C:\Users\jesrojas2\.m2\repository\org\hamcrest\hamcrest\2.1\hamcrest-2.1.jar;C:\Users\jesrojas2\.m2\repository\org\ccil\cowan\tagsoup\tagsoup\1.2.1\tagsoup-1.2.1.jar;C:\Users\jesrojas2\.m2\repository\io\rest-assured\json-path\4.3.1\json-path-4.3.1.jar;C:\Users\jesrojas2\.m2\repository\org\codehaus\groovy\groovy-json\3.0.3\groovy-json-3.0.3.jar;C:\Users\jesrojas2\.m2\repository\io\rest-assured\rest-assured-common\4.3.1\rest-assured-common-4.3.1.jar;C:\Users\jesrojas2\.m2\repository\io\rest-assured\xml-path\4.3.1\xml-path-4.3.1.jar;C:\Users\jesrojas2\.m2\repository\org\apache\commons\commons-lang3\3.4\commons-lang3-3.4.jar;C:\Users\jesrojas2\.m2\repository\jakarta\xml\bind\jakarta.xml.bind-api\2.3.3\jakarta.xml.bind-api-2.3.3.jar;C:\Users\jesrojas2\.m2\repository\jakarta\activation\jakarta.activation-api\1.2.2\jakarta.activation-api-1.2.2.jar;C:\Users\jesrojas2\.m2\repository\com\sun\xml\bind\jaxb-impl\2.3.3\jaxb-impl-2.3.3.jar;C:\Users\jesrojas2\.m2\repository\org\testng\testng\6.14.3\testng-6.14.3.jar;C:\Users\jesrojas2\.m2\repository\com\beust\jcommander\1.72\jcommander-1.72.jar;C:\Users\jesrojas2\.m2\repository\org\apache-extras\beanshell\bsh\2.0b6\bsh-2.0b6.jar;C:\Users\jesrojas2\.m2\repository\com\googlecode\json-simple\json-simple\1.1.1\json-simple-1.1.1.jar;C:\Users\jesrojas2\.m2\repository\junit\junit\4.10\junit-4.10.jar;C:\Users\jesrojas2\.m2\repository\org\hamcrest\hamcrest-core\1.1\hamcrest-core-1.1.jar;C:\Users\jesrojas2\.m2\repository\com\fasterxml\jackson\core\jackson-core\2.12.1\jackson-core-2.12.1.jar;C:\Users\jesrojas2\.m2\repository\com\fasterxml\jackson\core\jackson-databind\2.12.1\jackson-databind-2.12.1.jar;C:\Users\jesrojas2\.m2\repository\com\fasterxml\jackson\core\jackson-annotations\2.12.1\jackson-annotations-2.12.1.jar;C:\Users\jesrojas2\.m2\repository\io\rest-assured\json-schema-validator\4.3.1\json-schema-validator-4.3.1.jar;C:\Users\jesrojas2\.m2\repository\com\github\java-json-tools\json-schema-validator\2.2.10\json-schema-validator-2.2.10.jar;C:\Users\jesrojas2\.m2\repository\com\github\java-json-tools\json-schema-core\1.2.10\json-schema-core-1.2.10.jar;C:\Users\jesrojas2\.m2\repository\com\github\java-json-tools\jackson-coreutils\1.9\jackson-coreutils-1.9.jar;C:\Users\jesrojas2\.m2\repository\com\google\guava\guava\16.0.1\guava-16.0.1.jar;C:\Users\jesrojas2\.m2\repository\com\github\fge\msg-simple\1.1\msg-simple-1.1.jar;C:\Users\jesrojas2\.m2\repository\com\github\fge\btf\1.2\btf-1.2.jar;C:\Users\jesrojas2\.m2\repository\com\github\fge\uri-template\0.9\uri-template-0.9.jar;C:\Users\jesrojas2\.m2\repository\org\mozilla\rhino\1.7.7.1\rhino-1.7.7.1.jar;C:\Users\jesrojas2\.m2\repository\javax\mail\mailapi\1.4.3\mailapi-1.4.3.jar;C:\Users\jesrojas2\.m2\repository\javax\activation\activation\1.1\activation-1.1.jar;C:\Users\jesrojas2\.m2\repository\joda-time\joda-time\2.9.7\joda-time-2.9.7.jar;C:\Users\jesrojas2\.m2\repository\com\googlecode\libphonenumber\libphonenumber\8.0.0\libphonenumber-8.0.0.jar;C:\Users\jesrojas2\.m2\repository\com\google\code\findbugs\jsr305\3.0.1\jsr305-3.0.1.jar;C:\Users\jesrojas2\.m2\repository\net\sf\jopt-simple\jopt-simple\5.0.3\jopt-simple-5.0.3.jar;C:\Users\jesrojas2\.m2\repository\org\apache\maven\surefire\surefire-testng-utils\2.22.0\surefire-testng-utils-2.22.0.jar;C:\Users\jesrojas2\.m2\repository\org\apache\maven\surefire\surefire-grouper\2.22.0\surefire-grouper-2.22.0.jar;"/>
    <property name="java.vm.vendor" value="Oracle Corporation"/>
    <property name="sun.arch.data.model" value="64"/>
    <property name="user.variant" value=""/>
    <property name="java.vendor.url" value="http://java.oracle.com/"/>
    <property name="user.timezone" value="America/Bogota"/>
    <property name="java.vm.specification.version" value="1.8"/>
    <property name="os.name" value="Windows 10"/>
    <property name="user.country" value="US"/>
    <property name="sun.java.launcher" value="SUN_STANDARD"/>
    <property name="sun.boot.library.path" value="C:\Program Files\Java\jdk1.8.0_261\jre\bin"/>
    <property name="sun.java.command" value="C:\Users\JESROJ~1\AppData\Local\Temp\surefire436486076861449030\surefirebooter1026807914343947261.jar C:\Users\jesrojas2\AppData\Local\Temp\surefire436486076861449030 2021-02-24T18-50-34_609-jvmRun1 surefire3171192734436014664tmp surefire_02953890765488204011tmp"/>
    <property name="surefire.test.class.path" value="C:\Users\jesrojas2\IdeaProjects\restassured\target\test-classes;C:\Users\jesrojas2\IdeaProjects\restassured\target\classes;C:\Users\jesrojas2\.m2\repository\io\rest-assured\rest-assured\4.3.1\rest-assured-4.3.1.jar;C:\Users\jesrojas2\.m2\repository\org\codehaus\groovy\groovy\3.0.3\groovy-3.0.3.jar;C:\Users\jesrojas2\.m2\repository\org\codehaus\groovy\groovy-xml\3.0.3\groovy-xml-3.0.3.jar;C:\Users\jesrojas2\.m2\repository\org\apache\httpcomponents\httpclient\4.5.3\httpclient-4.5.3.jar;C:\Users\jesrojas2\.m2\repository\org\apache\httpcomponents\httpcore\4.4.6\httpcore-4.4.6.jar;C:\Users\jesrojas2\.m2\repository\commons-logging\commons-logging\1.2\commons-logging-1.2.jar;C:\Users\jesrojas2\.m2\repository\commons-codec\commons-codec\1.9\commons-codec-1.9.jar;C:\Users\jesrojas2\.m2\repository\org\apache\httpcomponents\httpmime\4.5.3\httpmime-4.5.3.jar;C:\Users\jesrojas2\.m2\repository\org\hamcrest\hamcrest\2.1\hamcrest-2.1.jar;C:\Users\jesrojas2\.m2\repository\org\ccil\cowan\tagsoup\tagsoup\1.2.1\tagsoup-1.2.1.jar;C:\Users\jesrojas2\.m2\repository\io\rest-assured\json-path\4.3.1\json-path-4.3.1.jar;C:\Users\jesrojas2\.m2\repository\org\codehaus\groovy\groovy-json\3.0.3\groovy-json-3.0.3.jar;C:\Users\jesrojas2\.m2\repository\io\rest-assured\rest-assured-common\4.3.1\rest-assured-common-4.3.1.jar;C:\Users\jesrojas2\.m2\repository\io\rest-assured\xml-path\4.3.1\xml-path-4.3.1.jar;C:\Users\jesrojas2\.m2\repository\org\apache\commons\commons-lang3\3.4\commons-lang3-3.4.jar;C:\Users\jesrojas2\.m2\repository\jakarta\xml\bind\jakarta.xml.bind-api\2.3.3\jakarta.xml.bind-api-2.3.3.jar;C:\Users\jesrojas2\.m2\repository\jakarta\activation\jakarta.activation-api\1.2.2\jakarta.activation-api-1.2.2.jar;C:\Users\jesrojas2\.m2\repository\com\sun\xml\bind\jaxb-impl\2.3.3\jaxb-impl-2.3.3.jar;C:\Users\jesrojas2\.m2\repository\org\testng\testng\6.14.3\testng-6.14.3.jar;C:\Users\jesrojas2\.m2\repository\com\beust\jcommander\1.72\jcommander-1.72.jar;C:\Users\jesrojas2\.m2\repository\org\apache-extras\beanshell\bsh\2.0b6\bsh-2.0b6.jar;C:\Users\jesrojas2\.m2\repository\com\googlecode\json-simple\json-simple\1.1.1\json-simple-1.1.1.jar;C:\Users\jesrojas2\.m2\repository\junit\junit\4.10\junit-4.10.jar;C:\Users\jesrojas2\.m2\repository\org\hamcrest\hamcrest-core\1.1\hamcrest-core-1.1.jar;C:\Users\jesrojas2\.m2\repository\com\fasterxml\jackson\core\jackson-core\2.12.1\jackson-core-2.12.1.jar;C:\Users\jesrojas2\.m2\repository\com\fasterxml\jackson\core\jackson-databind\2.12.1\jackson-databind-2.12.1.jar;C:\Users\jesrojas2\.m2\repository\com\fasterxml\jackson\core\jackson-annotations\2.12.1\jackson-annotations-2.12.1.jar;C:\Users\jesrojas2\.m2\repository\io\rest-assured\json-schema-validator\4.3.1\json-schema-validator-4.3.1.jar;C:\Users\jesrojas2\.m2\repository\com\github\java-json-tools\json-schema-validator\2.2.10\json-schema-validator-2.2.10.jar;C:\Users\jesrojas2\.m2\repository\com\github\java-json-tools\json-schema-core\1.2.10\json-schema-core-1.2.10.jar;C:\Users\jesrojas2\.m2\repository\com\github\java-json-tools\jackson-coreutils\1.9\jackson-coreutils-1.9.jar;C:\Users\jesrojas2\.m2\repository\com\google\guava\guava\16.0.1\guava-16.0.1.jar;C:\Users\jesrojas2\.m2\repository\com\github\fge\msg-simple\1.1\msg-simple-1.1.jar;C:\Users\jesrojas2\.m2\repository\com\github\fge\btf\1.2\btf-1.2.jar;C:\Users\jesrojas2\.m2\repository\com\github\fge\uri-template\0.9\uri-template-0.9.jar;C:\Users\jesrojas2\.m2\repository\org\mozilla\rhino\1.7.7.1\rhino-1.7.7.1.jar;C:\Users\jesrojas2\.m2\repository\javax\mail\mailapi\1.4.3\mailapi-1.4.3.jar;C:\Users\jesrojas2\.m2\repository\javax\activation\activation\1.1\activation-1.1.jar;C:\Users\jesrojas2\.m2\repository\joda-time\joda-time\2.9.7\joda-time-2.9.7.jar;C:\Users\jesrojas2\.m2\repository\com\googlecode\libphonenumber\libphonenumber\8.0.0\libphonenumber-8.0.0.jar;C:\Users\jesrojas2\.m2\repository\com\google\code\findbugs\jsr305\3.0.1\jsr305-3.0.1.jar;C:\Users\jesrojas2\.m2\repository\net\sf\jopt-simple\jopt-simple\5.0.3\jopt-simple-5.0.3.jar;C:\Users\jesrojas2\.m2\repository\org\apache\maven\surefire\surefire-testng-utils\2.22.0\surefire-testng-utils-2.22.0.jar;C:\Users\jesrojas2\.m2\repository\org\apache\maven\surefire\surefire-grouper\2.22.0\surefire-grouper-2.22.0.jar;"/>
    <property name="sun.cpu.endian" value="little"/>
    <property name="user.home" value="C:\Users\jesrojas2"/>
    <property name="user.language" value="en"/>
    <property name="java.specification.vendor" value="Oracle Corporation"/>
    <property name="java.home" value="C:\Program Files\Java\jdk1.8.0_261\jre"/>
    <property name="basedir" value="C:\Users\jesrojas2\IdeaProjects\restassured"/>
    <property name="file.separator" value="\"/>
    <property name="line.separator" value="&#10;"/>
    <property name="java.vm.specification.vendor" value="Oracle Corporation"/>
    <property name="java.specification.name" value="Java Platform API Specification"/>
    <property name="java.awt.graphicsenv" value="sun.awt.Win32GraphicsEnvironment"/>
    <property name="surefire.real.class.path" value="C:\Users\JESROJ~1\AppData\Local\Temp\surefire436486076861449030\surefirebooter1026807914343947261.jar"/>
    <property name="sun.boot.class.path" value="C:\Program Files\Java\jdk1.8.0_261\jre\lib\resources.jar;C:\Program Files\Java\jdk1.8.0_261\jre\lib\rt.jar;C:\Program Files\Java\jdk1.8.0_261\jre\lib\sunrsasign.jar;C:\Program Files\Java\jdk1.8.0_261\jre\lib\jsse.jar;C:\Program Files\Java\jdk1.8.0_261\jre\lib\jce.jar;C:\Program Files\Java\jdk1.8.0_261\jre\lib\charsets.jar;C:\Program Files\Java\jdk1.8.0_261\jre\lib\jfr.jar;C:\Program Files\Java\jdk1.8.0_261\jre\classes"/>
    <property name="user.script" value=""/>
    <property name="sun.management.compiler" value="HotSpot 64-Bit Tiered Compilers"/>
    <property name="java.runtime.version" value="1.8.0_261-b12"/>
    <property name="user.name" value="jesrojas2"/>
    <property name="path.separator" value=";"/>
    <property name="os.version" value="10.0"/>
    <property name="java.endorsed.dirs" value="C:\Program Files\Java\jdk1.8.0_261\jre\lib\endorsed"/>
    <property name="java.runtime.name" value="Java(TM) SE Runtime Environment"/>
    <property name="file.encoding" value="Cp1252"/>
    <property name="java.vm.name" value="Java HotSpot(TM) 64-Bit Server VM"/>
    <property name="localRepository" value="C:\Users\jesrojas2\.m2\repository"/>
    <property name="java.vendor.url.bug" value="http://bugreport.sun.com/bugreport/"/>
    <property name="java.io.tmpdir" value="C:\Users\JESROJ~1\AppData\Local\Temp\"/>
    <property name="java.version" value="1.8.0_261"/>
    <property name="user.dir" value="C:\Users\jesrojas2\IdeaProjects\restassured"/>
    <property name="os.arch" value="amd64"/>
    <property name="java.vm.specification.name" value="Java Virtual Machine Specification"/>
    <property name="java.awt.printerjob" value="sun.awt.windows.WPrinterJob"/>
    <property name="sun.os.patch.level" value=""/>
    <property name="java.library.path" value="C:\Program Files\Java\jdk1.8.0_261\jre\bin;C:\WINDOWS\Sun\Java\bin;C:\WINDOWS\system32;C:\WINDOWS;C:\Program Files (x86)\Common Files\Oracle\Java\javapath;C:\WINDOWS\system32;C:\WINDOWS;C:\WINDOWS\System32\Wbem;C:\WINDOWS\System32\WindowsPowerShell\v1.0\;C:\WINDOWS\System32\OpenSSH\;C:\Program Files (x86)\Box\Box Edit\;C:\Program Files\dotnet\;C:\Program Files\Microsoft SQL Server\130\Tools\Binn\;C:\Program Files\Microsoft SQL Server\Client SDK\ODBC\170\Tools\Binn\;C:\Program Files\apache-maven-3.6.3\bin;C:\ProgramData\chocolatey\bin;%NVM_HOME%;%NVM_SYMLINK%;C:\Program Files\nodejs\;C:\Program Files\Git\cmd;C:\Users\jesrojas2\AppData\Local\Programs\Python\Python39\Scripts\;C:\Users\jesrojas2\AppData\Local\Programs\Python\Python39\;C:\Users\jesrojas2\scoop\shims;C:\Users\jesrojas2\AppData\Local\Microsoft\WindowsApps;C:\Users\jesrojas2\AppData\Local\Programs\Microsoft VS Code\bin;C:\Users\jesrojas2\AppData\Roaming\nvm;C:\Program Files\nodejs;C:\Users\jesrojas2\AppData\Roaming\npm;."/>
    <property name="java.vm.info" value="mixed mode"/>
    <property name="java.vendor" value="Oracle Corporation"/>
    <property name="java.vm.version" value="25.261-b12"/>
    <property name="java.ext.dirs" value="C:\Program Files\Java\jdk1.8.0_261\jre\lib\ext;C:\WINDOWS\Sun\Java\lib\ext"/>
    <property name="sun.io.unicode.encoding" value="UnicodeLittle"/>
    <property name="java.class.version" value="52.0"/>
  </properties>
  <testcase name="A1Test_update_Post" classname="postTest" time="0.606"/>
  <testcase name="A1Test_validate_specific_comment" classname="CommentTest" time="0.155"/>
  <testcase name="A2Test_Update_comment" classname="CommentTest" time="0.828"/>
  <testcase name="A2Test_validate_Specific_Post" classname="postTest" time="0.411"/>
  <testcase name="A3Test_delete_comment" classname="CommentTest" time="0.237"/>
  <testcase name="Test_CreatePost_success" classname="postTest" time="1.32"/>
  <testcase name="Test_Invalid_Token_Cant_Create_New_Post" classname="postTest" time="0.404"/>
  <testcase name="Test_Create_comment_success" classname="CommentTest" time="0.306"/>
  <testcase name="Test_try_to_Create_comment_Unauthorized" classname="CommentTest" time="0.644"/>
  <testcase name="Test_delete_Post" classname="postTest" time="0.148"/>
  <testcase name="Test_try_to_delete_nonexistent_comment" classname="CommentTest" time="0.42"/>
  <testcase name="Test_try_to_show_nonexistent_comment" classname="CommentTest" time="0.903"/>
  <testcase name="Test_try_to_delete_nonexistent_Post" classname="postTest" time="0.138"/>
  <testcase name="Test_try_to_update_nonexistent_comment" classname="CommentTest" time="1.093"/>
  <testcase name="Test_try_to_list_nonexistent_Post" classname="postTest" time="0.801"/>
  <testcase name="Test_validate_All_Comments" classname="CommentTest" time="0.479"/>
  <testcase name="Test_try_to_update_nonexistent_Post" classname="postTest" time="1.139"/>
  <testcase name="Test_validateAll_posts_Schema" classname="postTest" time="1.238"/>
  <testcase name="Test_validate_try_to_list_posts_no_login" classname="postTest" time="0.498"/>
</testsuite>