<?xml version="1.0" encoding="UTF-8"?>
<!-- Generated by org.testng.reporters.JUnitReportReporter -->
<testsuite skipped="0" hostname="WKWCO4245083" name="postTest" tests="10" failures="0" timestamp="24 Feb 2021 23:50:53 GMT" time="12.101" errors="0">
  <testcase name="Test_delete_Post" time="1.098" classname="postTest"/>
  <testcase name="Test_Invalid_Token_Cant_Create_New_Post" time="0.577" classname="postTest"/>
  <testcase name="Test_try_to_list_nonexistent_Post" time="1.894" classname="postTest"/>
  <testcase name="A1Test_update_Post" time="1.481" classname="postTest"/>
  <testcase name="Test_try_to_update_nonexistent_Post" time="1.139" classname="postTest"/>
  <testcase name="Test_validate_try_to_list_posts_no_login" time="0.498" classname="postTest"/>
  <testcase name="A2Test_validate_Specific_Post" time="1.396" classname="postTest"/>
  <testcase name="Test_try_to_delete_nonexistent_Post" time="1.461" classname="postTest"/>
  <testcase name="Test_validateAll_posts_Schema" time="1.238" classname="postTest"/>
  <testcase name="Test_CreatePost_success" time="1.319" classname="postTest"/>
</testsuite> <!-- postTest -->
